Design Assistant report for system_fpga
Tue Feb  3 15:00:27 2015
Quartus II 32-bit Version 13.0.1 Build 232 06/12/2013 Service Pack 1 SJ Full Version


---------------------
; Table of Contents ;
---------------------
  1. Legal Notice
  2. Design Assistant Summary
  3. Design Assistant Settings
  4. High Violations
  5. Medium Violations
  6. Information only Violations
  7. Design Assistant Messages



----------------
; Legal Notice ;
----------------
Copyright (C) 1991-2013 Altera Corporation
Your use of Altera Corporation's design tools, logic functions 
and other software and tools, and its AMPP partner logic 
functions, and any output files from any of the foregoing 
(including device programming or simulation files), and any 
associated documentation or information are expressly subject 
to the terms and conditions of the Altera Program License 
Subscription Agreement, Altera MegaCore Function License 
Agreement, or other applicable license agreement, including, 
without limitation, that your use is for the sole purpose of 
programming logic devices manufactured by Altera and sold by 
Altera or its authorized distributors.  Please refer to the 
applicable agreement for further details.



+-------------------------------------------------------------------------+
; Design Assistant Summary                                                ;
+-----------------------------------+-------------------------------------+
; Design Assistant Status           ; Analyzed - Tue Feb  3 15:00:27 2015 ;
; Revision Name                     ; system_fpga                         ;
; Top-level Entity Name             ; system_fpga                         ;
; Family                            ; Cyclone IV E                        ;
; Total Critical Violations         ; 0                                   ;
; Total High Violations             ; 3                                   ;
; - Rule R101                       ; 1                                   ;
; - Rule S102                       ; 2                                   ;
; Total Medium Violations           ; 1                                   ;
; - Rule C104                       ; 1                                   ;
; Total Information only Violations ; 184                                 ;
; - Rule T101                       ; 134                                 ;
; - Rule T102                       ; 50                                  ;
+-----------------------------------+-------------------------------------+


+----------------------------------------------------------------------------------------------------------------------------------------------------------------------------------------------------------------------------------------------------------------------------------------------------------+
; Design Assistant Settings                                                                                                                                                                                                                                                                                ;
+--------------------------------------------------------------------------------------------------------------------------------------------------------------------------------------------------------------------------------------------------------------------------------------+--------------+----+
; Option                                                                                                                                                                                                                                                                               ; Setting      ; To ;
+--------------------------------------------------------------------------------------------------------------------------------------------------------------------------------------------------------------------------------------------------------------------------------------+--------------+----+
; Design Assistant mode                                                                                                                                                                                                                                                                ; Post-Fitting ;    ;
; Threshold value for clock net not mapped to clock spines rule                                                                                                                                                                                                                        ; 25           ;    ;
; Minimum number of clock port feed by gated clocks                                                                                                                                                                                                                                    ; 30           ;    ;
; Minimum number of node fan-out                                                                                                                                                                                                                                                       ; 30           ;    ;
; Maximum number of nodes to report                                                                                                                                                                                                                                                    ; 50           ;    ;
; Rule C101: Gated clock should be implemented according to the Altera standard scheme                                                                                                                                                                                                 ; On           ;    ;
; Rule C102: Logic cell should not be used to generate an inverted clock signal                                                                                                                                                                                                        ; On           ;    ;
; Rule C103: Gated clock does not feed at least a pre-defined number of clock ports to effectively save power                                                                                                                                                                          ; On           ;    ;
; Rule C104: Clock signal source should drive only clock input ports                                                                                                                                                                                                                   ; On           ;    ;
; Rule C105: Clock signal should be a global signal (Rule applies during post-fitting analysis. This rule applies during both post-fitting analysis and post-synthesis analysis if the design targets a MAX 3000 or MAX 7000 device. For more information, see the Help for the rule.) ; On           ;    ;
; Rule C106: Clock signal source should not drive registers triggered by different clock edges                                                                                                                                                                                         ; On           ;    ;
; Rule R101: Combinational logic used as a reset signal should be synchronized                                                                                                                                                                                                         ; On           ;    ;
; Rule R102: External reset signals should be synchronized using two cascaded registers                                                                                                                                                                                                ; On           ;    ;
; Rule R103: External reset signal should be correctly synchronized                                                                                                                                                                                                                    ; On           ;    ;
; Rule R104: The reset signal that is generated in one clock domain and used in another clock domain should be correctly synchronized                                                                                                                                                  ; On           ;    ;
; Rule R105: The reset signal that is generated in one clock domain and used in another clock domain should be synchronized                                                                                                                                                            ; On           ;    ;
; Rule T101: Nodes with more than the specified number of fan-outs                                                                                                                                                                                                                     ; On           ;    ;
; Rule T102: Top nodes with the highest number of fan-outs                                                                                                                                                                                                                             ; On           ;    ;
; Rule A101: Design should not contain combinational loops                                                                                                                                                                                                                             ; On           ;    ;
; Rule A102: Register output should not drive its own control signal directly or through combinational logic                                                                                                                                                                           ; On           ;    ;
; Rule A103: Design should not contain delay chains                                                                                                                                                                                                                                    ; On           ;    ;
; Rule A104: Design should not contain ripple clock structures                                                                                                                                                                                                                         ; On           ;    ;
; Rule A105: Pulses should not be implemented asynchronously                                                                                                                                                                                                                           ; On           ;    ;
; Rule A106: Multiple pulses should not be generated in design                                                                                                                                                                                                                         ; On           ;    ;
; Rule A107: Design should not contain SR latches                                                                                                                                                                                                                                      ; On           ;    ;
; Rule A108: Design should not contain latches                                                                                                                                                                                                                                         ; On           ;    ;
; Rule S101: Output enable and input of the same tri-state node should not be driven by same signal source                                                                                                                                                                             ; On           ;    ;
; Rule S102: Synchronous port and asynchronous port of the same register should not be driven by the same signal source                                                                                                                                                                ; On           ;    ;
; Rule S103: More than one asynchronous port of a register should not be driven by the same signal source                                                                                                                                                                              ; On           ;    ;
; Rule S104: Clock port and any other port of a register should not be driven by the same signal source                                                                                                                                                                                ; On           ;    ;
; Rule D101: Data bits are not synchronized when transferred between asynchronous clock domains                                                                                                                                                                                        ; On           ;    ;
; Rule D102: Multiple data bits that are transferred across asynchronous clock domains are synchronized, but not all bits may be aligned in the receiving clock domain                                                                                                                 ; On           ;    ;
; Rule D103: Data bits are not correctly synchronized when transferred between asynchronous clock domains                                                                                                                                                                              ; On           ;    ;
; Rule M101: Data bits are not synchronized when transferred to the state machine of asynchronous clock domains                                                                                                                                                                        ; Off          ;    ;
; Rule M102: No reset signal defined to initialize the state machine                                                                                                                                                                                                                   ; Off          ;    ;
; Rule M103: State machine should not contain an unreachable state                                                                                                                                                                                                                     ; Off          ;    ;
; Rule M104: State machine should not contain a deadlock state                                                                                                                                                                                                                         ; Off          ;    ;
; Rule M105: State machine should not contain a dead transition                                                                                                                                                                                                                        ; Off          ;    ;
+--------------------------------------------------------------------------------------------------------------------------------------------------------------------------------------------------------------------------------------------------------------------------------------+--------------+----+


+---------------------------------------------------------------------------------------------------------------------------------------------------------------------------------------------+
; High Violations                                                                                                                                                                             ;
+-----------------------------------------------------------------------------------------------------------------------+---------------------------------------------------------------------+
; Rule name                                                                                                             ; Name                                                                ;
+-----------------------------------------------------------------------------------------------------------------------+---------------------------------------------------------------------+
; Rule R101: Combinational logic used as a reset signal should be synchronized                                          ; nRST                                                                ;
;  Reset signal destination node(s) list                                                                                ; system:SYS|singlecycle:CPU|datapath:DP|request_unit:RU|ruif.halt    ;
; Rule S102: Synchronous port and asynchronous port of the same register should not be driven by the same signal source ; system:SYS|singlecycle:CPU|datapath:DP|request_unit:RU|ruif.dmemREN ;
;  Synchronous and reset port source node(s) list                                                                       ; auto_nRST                                                           ;
; Rule S102: Synchronous port and asynchronous port of the same register should not be driven by the same signal source ; system:SYS|singlecycle:CPU|datapath:DP|request_unit:RU|ruif.dmemWEN ;
;  Synchronous and reset port source node(s) list                                                                       ; auto_nRST                                                           ;
+-----------------------------------------------------------------------------------------------------------------------+---------------------------------------------------------------------+


+----------------------------------------------------------------------------------------------------------------------------------------------------+
; Medium Violations                                                                                                                                  ;
+--------------------------------------------------------------------+-------------------------------------------------------------------------------+
; Rule name                                                          ; Name                                                                          ;
+--------------------------------------------------------------------+-------------------------------------------------------------------------------+
; Rule C104: Clock signal source should drive only clock input ports ; system:SYS|CPUCLK                                                             ;
;  Clock ports destination node(s) list                              ; system:SYS|singlecycle:CPU|datapath:DP|pc:PC|PCreg[29]                        ;
;  Clock ports destination node(s) list                              ; system:SYS|singlecycle:CPU|datapath:DP|request_unit:RU|ruif.halt~_Duplicate_1 ;
;  Clock ports destination node(s) list                              ; system:SYS|singlecycle:CPU|datapath:DP|pc:PC|PCreg[15]                        ;
;  Clock ports destination node(s) list                              ; system:SYS|singlecycle:CPU|datapath:DP|pc:PC|PCreg[14]                        ;
;  Clock ports destination node(s) list                              ; system:SYS|singlecycle:CPU|caches:CM|instr[3]                                 ;
;  Clock ports destination node(s) list                              ; system:SYS|singlecycle:CPU|caches:CM|daddr[13]                                ;
;  Clock ports destination node(s) list                              ; system:SYS|singlecycle:CPU|caches:CM|daddr[12]                                ;
;  Clock ports destination node(s) list                              ; system:SYS|singlecycle:CPU|datapath:DP|request_unit:RU|ruif.dmemREN           ;
;  Clock ports destination node(s) list                              ; system:SYS|singlecycle:CPU|datapath:DP|request_unit:RU|ruif.dmemWEN           ;
;  Clock ports destination node(s) list                              ; system:SYS|singlecycle:CPU|caches:CM|instr[29]                                ;
;  Non-clock ports destination node(s) list                          ; system:SYS|CPUCLK~0                                                           ;
+--------------------------------------------------------------------+-------------------------------------------------------------------------------+


+----------------------------------------------------------------------------------------------------------------------------------------------------------------------------------------------------------------------------+
; Information only Violations                                                                                                                                                                                                ;
+------------------------------------------------------------------+-----------------------------------------------------------------------------------------------------------------------------------------------+---------+
; Rule name                                                        ; Name                                                                                                                                          ; Fan-Out ;
+------------------------------------------------------------------+-----------------------------------------------------------------------------------------------------------------------------------------------+---------+
; Rule T101: Nodes with more than the specified number of fan-outs ; system:SYS|singlecycle:CPU|datapath:DP|request_unit:RU|ruif.rambusy~0                                                                         ; 31      ;
; Rule T101: Nodes with more than the specified number of fan-outs ; system:SYS|singlecycle:CPU|datapath:DP|request_unit:RU|ruif.halt~_Duplicate_1                                                                 ; 34      ;
; Rule T101: Nodes with more than the specified number of fan-outs ; system:SYS|singlecycle:CPU|memory_control:CC|ccif.iwait[0]~0                                                                                  ; 54      ;
; Rule T101: Nodes with more than the specified number of fan-outs ; system:SYS|ramaddr~34                                                                                                                         ; 68      ;
; Rule T101: Nodes with more than the specified number of fan-outs ; system:SYS|singlecycle:CPU|datapath:DP|pc:PC|PCreg[27]~6                                                                                      ; 39      ;
; Rule T101: Nodes with more than the specified number of fan-outs ; system:SYS|singlecycle:CPU|datapath:DP|control_unit:CU|Selector8~0                                                                            ; 239     ;
; Rule T101: Nodes with more than the specified number of fan-outs ; system:SYS|ram:RAM|altsyncram:altsyncram_component|altsyncram_99f1:auto_generated|sld_mod_ram_rom:mgl_prim2|ram_rom_addr_reg[12]              ; 66      ;
; Rule T101: Nodes with more than the specified number of fan-outs ; altera_internal_jtag~TCKUTAPclkctrl                                                                                                           ; 212     ;
; Rule T101: Nodes with more than the specified number of fan-outs ; system:SYS|ram:RAM|altsyncram:altsyncram_component|altsyncram_99f1:auto_generated|sld_mod_ram_rom:mgl_prim2|ram_rom_addr_reg[3]               ; 67      ;
; Rule T101: Nodes with more than the specified number of fan-outs ; system:SYS|ram:RAM|altsyncram:altsyncram_component|altsyncram_99f1:auto_generated|sld_mod_ram_rom:mgl_prim2|ram_rom_addr_reg[4]               ; 66      ;
; Rule T101: Nodes with more than the specified number of fan-outs ; system:SYS|ram:RAM|altsyncram:altsyncram_component|altsyncram_99f1:auto_generated|sld_mod_ram_rom:mgl_prim2|ram_rom_addr_reg[5]               ; 66      ;
; Rule T101: Nodes with more than the specified number of fan-outs ; system:SYS|ram:RAM|altsyncram:altsyncram_component|altsyncram_99f1:auto_generated|sld_mod_ram_rom:mgl_prim2|ram_rom_addr_reg[6]               ; 66      ;
; Rule T101: Nodes with more than the specified number of fan-outs ; system:SYS|ram:RAM|altsyncram:altsyncram_component|altsyncram_99f1:auto_generated|sld_mod_ram_rom:mgl_prim2|ram_rom_addr_reg[7]               ; 66      ;
; Rule T101: Nodes with more than the specified number of fan-outs ; system:SYS|ram:RAM|altsyncram:altsyncram_component|altsyncram_99f1:auto_generated|sld_mod_ram_rom:mgl_prim2|ram_rom_addr_reg[8]               ; 66      ;
; Rule T101: Nodes with more than the specified number of fan-outs ; system:SYS|ram:RAM|altsyncram:altsyncram_component|altsyncram_99f1:auto_generated|sld_mod_ram_rom:mgl_prim2|ram_rom_addr_reg[9]               ; 66      ;
; Rule T101: Nodes with more than the specified number of fan-outs ; system:SYS|ram:RAM|altsyncram:altsyncram_component|altsyncram_99f1:auto_generated|sld_mod_ram_rom:mgl_prim2|ram_rom_addr_reg[10]              ; 66      ;
; Rule T101: Nodes with more than the specified number of fan-outs ; system:SYS|ram:RAM|altsyncram:altsyncram_component|altsyncram_99f1:auto_generated|sld_mod_ram_rom:mgl_prim2|ram_rom_addr_reg[11]              ; 66      ;
; Rule T101: Nodes with more than the specified number of fan-outs ; system:SYS|ram:RAM|altsyncram:altsyncram_component|altsyncram_99f1:auto_generated|sld_mod_ram_rom:mgl_prim2|ram_rom_addr_reg[0]               ; 66      ;
; Rule T101: Nodes with more than the specified number of fan-outs ; system:SYS|ram:RAM|altsyncram:altsyncram_component|altsyncram_99f1:auto_generated|sld_mod_ram_rom:mgl_prim2|ram_rom_addr_reg[1]               ; 67      ;
; Rule T101: Nodes with more than the specified number of fan-outs ; system:SYS|ram:RAM|altsyncram:altsyncram_component|altsyncram_99f1:auto_generated|sld_mod_ram_rom:mgl_prim2|ram_rom_addr_reg[2]               ; 67      ;
; Rule T101: Nodes with more than the specified number of fan-outs ; system:SYS|ram:RAM|altsyncram:altsyncram_component|altsyncram_99f1:auto_generated|sld_mod_ram_rom:mgl_prim2|ram_rom_data_reg[0]~32            ; 32      ;
; Rule T101: Nodes with more than the specified number of fan-outs ; system:SYS|ram:RAM|altsyncram:altsyncram_component|altsyncram_99f1:auto_generated|sld_mod_ram_rom:mgl_prim2|process_0~2                       ; 33      ;
; Rule T101: Nodes with more than the specified number of fan-outs ; system:SYS|ram:RAM|altsyncram:altsyncram_component|altsyncram_99f1:auto_generated|sld_mod_ram_rom:mgl_prim2|ram_rom_addr_reg[13]              ; 69      ;
; Rule T101: Nodes with more than the specified number of fan-outs ; system:SYS|ramaddr~36                                                                                                                         ; 66      ;
; Rule T101: Nodes with more than the specified number of fan-outs ; system:SYS|singlecycle:CPU|datapath:DP|pc:PC|PCreg[27]~5                                                                                      ; 39      ;
; Rule T101: Nodes with more than the specified number of fan-outs ; system:SYS|singlecycle:CPU|caches:CM|daddr[13]~66                                                                                             ; 64      ;
; Rule T101: Nodes with more than the specified number of fan-outs ; auto_nRST                                                                                                                                     ; 77      ;
; Rule T101: Nodes with more than the specified number of fan-outs ; CLOCK_50~inputclkctrl                                                                                                                         ; 109     ;
; Rule T101: Nodes with more than the specified number of fan-outs ; system:SYS|ramaddr~29                                                                                                                         ; 66      ;
; Rule T101: Nodes with more than the specified number of fan-outs ; system:SYS|singlecycle:CPU|datapath:DP|control_unit:CU|Selector10~0                                                                           ; 254     ;
; Rule T101: Nodes with more than the specified number of fan-outs ; system:SYS|ramaddr~32                                                                                                                         ; 66      ;
; Rule T101: Nodes with more than the specified number of fan-outs ; system:SYS|ramaddr~24                                                                                                                         ; 66      ;
; Rule T101: Nodes with more than the specified number of fan-outs ; system:SYS|CPUCLK~clkctrl                                                                                                                     ; 1092    ;
; Rule T101: Nodes with more than the specified number of fan-outs ; nRST~clkctrl                                                                                                                                  ; 1067    ;
; Rule T101: Nodes with more than the specified number of fan-outs ; system:SYS|singlecycle:CPU|datapath:DP|control_unit:CU|Equal21~1                                                                              ; 68      ;
; Rule T101: Nodes with more than the specified number of fan-outs ; system:SYS|ramaddr~26                                                                                                                         ; 66      ;
; Rule T101: Nodes with more than the specified number of fan-outs ; system:SYS|singlecycle:CPU|datapath:DP|control_unit:CU|Selector2~0                                                                            ; 240     ;
; Rule T101: Nodes with more than the specified number of fan-outs ; system:SYS|ramaddr~19                                                                                                                         ; 66      ;
; Rule T101: Nodes with more than the specified number of fan-outs ; system:SYS|singlecycle:CPU|datapath:DP|aluoperand[3]~102                                                                                      ; 55      ;
; Rule T101: Nodes with more than the specified number of fan-outs ; system:SYS|singlecycle:CPU|datapath:DP|register_file:RF|Decoder0~26                                                                           ; 32      ;
; Rule T101: Nodes with more than the specified number of fan-outs ; system:SYS|singlecycle:CPU|datapath:DP|control_unit:CU|Equal25~2                                                                              ; 39      ;
; Rule T101: Nodes with more than the specified number of fan-outs ; system:SYS|ramaddr~22                                                                                                                         ; 66      ;
; Rule T101: Nodes with more than the specified number of fan-outs ; system:SYS|singlecycle:CPU|datapath:DP|aluoperand[0]~99                                                                                       ; 74      ;
; Rule T101: Nodes with more than the specified number of fan-outs ; system:SYS|singlecycle:CPU|datapath:DP|control_unit:CU|Selector9~0                                                                            ; 256     ;
; Rule T101: Nodes with more than the specified number of fan-outs ; system:SYS|ramaddr~13                                                                                                                         ; 66      ;
; Rule T101: Nodes with more than the specified number of fan-outs ; system:SYS|singlecycle:CPU|datapath:DP|register_file:RF|Decoder0~38                                                                           ; 32      ;
; Rule T101: Nodes with more than the specified number of fan-outs ; system:SYS|ram:RAM|altsyncram:altsyncram_component|altsyncram_99f1:auto_generated|altsyncram_fta2:altsyncram1|address_reg_a[0]                ; 33      ;
; Rule T101: Nodes with more than the specified number of fan-outs ; system:SYS|ramaddr~15                                                                                                                         ; 66      ;
; Rule T101: Nodes with more than the specified number of fan-outs ; system:SYS|ramaddr~9                                                                                                                          ; 66      ;
; Rule T101: Nodes with more than the specified number of fan-outs ; system:SYS|ramaddr~11                                                                                                                         ; 66      ;
; Rule T101: Nodes with more than the specified number of fan-outs ; system:SYS|singlecycle:CPU|datapath:DP|control_unit:CU|Selector4~0                                                                            ; 256     ;
; Rule T101: Nodes with more than the specified number of fan-outs ; system:SYS|ramaddr~5                                                                                                                          ; 66      ;
; Rule T101: Nodes with more than the specified number of fan-outs ; system:SYS|singlecycle:CPU|datapath:DP|control_unit:CU|PCSrc2~0                                                                               ; 31      ;
; Rule T101: Nodes with more than the specified number of fan-outs ; system:SYS|singlecycle:CPU|datapath:DP|control_unit:CU|Selector5~0                                                                            ; 256     ;
; Rule T101: Nodes with more than the specified number of fan-outs ; system:SYS|ramaddr~7                                                                                                                          ; 66      ;
; Rule T101: Nodes with more than the specified number of fan-outs ; system:SYS|singlecycle:CPU|datapath:DP|control_unit:CU|Selector6~0                                                                            ; 35      ;
; Rule T101: Nodes with more than the specified number of fan-outs ; system:SYS|singlecycle:CPU|datapath:DP|wdat[20]~2                                                                                             ; 31      ;
; Rule T101: Nodes with more than the specified number of fan-outs ; system:SYS|singlecycle:CPU|datapath:DP|wdat[6]~54                                                                                             ; 31      ;
; Rule T101: Nodes with more than the specified number of fan-outs ; system:SYS|singlecycle:CPU|datapath:DP|wdat[0]~0                                                                                              ; 32      ;
; Rule T101: Nodes with more than the specified number of fan-outs ; system:SYS|singlecycle:CPU|datapath:DP|register_file:RF|Decoder0~25                                                                           ; 32      ;
; Rule T101: Nodes with more than the specified number of fan-outs ; system:SYS|singlecycle:CPU|datapath:DP|wdat[14]~16                                                                                            ; 31      ;
; Rule T101: Nodes with more than the specified number of fan-outs ; system:SYS|singlecycle:CPU|datapath:DP|request_unit:RU|dmemWEN~1                                                                              ; 32      ;
; Rule T101: Nodes with more than the specified number of fan-outs ; system:SYS|singlecycle:CPU|datapath:DP|wdat[4]~62                                                                                             ; 31      ;
; Rule T101: Nodes with more than the specified number of fan-outs ; system:SYS|singlecycle:CPU|datapath:DP|register_file:RF|Decoder0~39                                                                           ; 32      ;
; Rule T101: Nodes with more than the specified number of fan-outs ; system:SYS|singlecycle:CPU|datapath:DP|register_file:RF|Decoder0~21                                                                           ; 32      ;
; Rule T101: Nodes with more than the specified number of fan-outs ; system:SYS|singlecycle:CPU|datapath:DP|control_unit:CU|Selector25~1                                                                           ; 31      ;
; Rule T101: Nodes with more than the specified number of fan-outs ; system:SYS|singlecycle:CPU|datapath:DP|register_file:RF|Decoder0~33                                                                           ; 32      ;
; Rule T101: Nodes with more than the specified number of fan-outs ; system:SYS|singlecycle:CPU|datapath:DP|register_file:RF|Decoder0~30                                                                           ; 32      ;
; Rule T101: Nodes with more than the specified number of fan-outs ; system:SYS|singlecycle:CPU|datapath:DP|wdat[11]~30                                                                                            ; 31      ;
; Rule T101: Nodes with more than the specified number of fan-outs ; system:SYS|singlecycle:CPU|datapath:DP|wdat[9]~44                                                                                             ; 31      ;
; Rule T101: Nodes with more than the specified number of fan-outs ; system:SYS|singlecycle:CPU|datapath:DP|control_unit:CU|Selector7~0                                                                            ; 242     ;
; Rule T101: Nodes with more than the specified number of fan-outs ; system:SYS|singlecycle:CPU|datapath:DP|register_file:RF|Decoder0~35                                                                           ; 32      ;
; Rule T101: Nodes with more than the specified number of fan-outs ; system:SYS|singlecycle:CPU|datapath:DP|wdat[19]~4                                                                                             ; 31      ;
; Rule T101: Nodes with more than the specified number of fan-outs ; system:SYS|singlecycle:CPU|datapath:DP|control_unit:CU|Selector3~0                                                                            ; 240     ;
; Rule T101: Nodes with more than the specified number of fan-outs ; system:SYS|singlecycle:CPU|datapath:DP|wdat[23]~42                                                                                            ; 31      ;
; Rule T101: Nodes with more than the specified number of fan-outs ; system:SYS|singlecycle:CPU|datapath:DP|register_file:RF|Decoder0~20                                                                           ; 32      ;
; Rule T101: Nodes with more than the specified number of fan-outs ; system:SYS|singlecycle:CPU|datapath:DP|wdat[1]~58                                                                                             ; 31      ;
; Rule T101: Nodes with more than the specified number of fan-outs ; system:SYS|singlecycle:CPU|datapath:DP|register_file:RF|Decoder0~34                                                                           ; 32      ;
; Rule T101: Nodes with more than the specified number of fan-outs ; system:SYS|singlecycle:CPU|datapath:DP|register_file:RF|Decoder0~32                                                                           ; 32      ;
; Rule T101: Nodes with more than the specified number of fan-outs ; system:SYS|singlecycle:CPU|datapath:DP|register_file:RF|Decoder0~29                                                                           ; 32      ;
; Rule T101: Nodes with more than the specified number of fan-outs ; system:SYS|singlecycle:CPU|datapath:DP|register_file:RF|Decoder0~31                                                                           ; 32      ;
; Rule T101: Nodes with more than the specified number of fan-outs ; system:SYS|singlecycle:CPU|datapath:DP|register_file:RF|Decoder0~22                                                                           ; 32      ;
; Rule T101: Nodes with more than the specified number of fan-outs ; system:SYS|singlecycle:CPU|datapath:DP|register_file:RF|Decoder0~18                                                                           ; 32      ;
; Rule T101: Nodes with more than the specified number of fan-outs ; system:SYS|singlecycle:CPU|datapath:DP|register_file:RF|Decoder0~27                                                                           ; 32      ;
; Rule T101: Nodes with more than the specified number of fan-outs ; system:SYS|singlecycle:CPU|datapath:DP|register_file:RF|Decoder0~24                                                                           ; 32      ;
; Rule T101: Nodes with more than the specified number of fan-outs ; system:SYS|singlecycle:CPU|datapath:DP|register_file:RF|Decoder0~41                                                                           ; 32      ;
; Rule T101: Nodes with more than the specified number of fan-outs ; system:SYS|singlecycle:CPU|datapath:DP|register_file:RF|Decoder0~43                                                                           ; 32      ;
; Rule T101: Nodes with more than the specified number of fan-outs ; system:SYS|singlecycle:CPU|datapath:DP|register_file:RF|Decoder0~42                                                                           ; 32      ;
; Rule T101: Nodes with more than the specified number of fan-outs ; system:SYS|singlecycle:CPU|datapath:DP|register_file:RF|Decoder0~44                                                                           ; 32      ;
; Rule T101: Nodes with more than the specified number of fan-outs ; system:SYS|singlecycle:CPU|datapath:DP|register_file:RF|Decoder0~46                                                                           ; 32      ;
; Rule T101: Nodes with more than the specified number of fan-outs ; system:SYS|singlecycle:CPU|datapath:DP|register_file:RF|Decoder0~45                                                                           ; 32      ;
; Rule T101: Nodes with more than the specified number of fan-outs ; system:SYS|singlecycle:CPU|datapath:DP|register_file:RF|Decoder0~47                                                                           ; 32      ;
; Rule T101: Nodes with more than the specified number of fan-outs ; system:SYS|singlecycle:CPU|datapath:DP|register_file:RF|Decoder0~48                                                                           ; 32      ;
; Rule T101: Nodes with more than the specified number of fan-outs ; system:SYS|singlecycle:CPU|datapath:DP|register_file:RF|Decoder0~50                                                                           ; 32      ;
; Rule T101: Nodes with more than the specified number of fan-outs ; system:SYS|singlecycle:CPU|datapath:DP|register_file:RF|Decoder0~51                                                                           ; 32      ;
; Rule T101: Nodes with more than the specified number of fan-outs ; system:SYS|singlecycle:CPU|datapath:DP|register_file:RF|Decoder0~49                                                                           ; 32      ;
; Rule T101: Nodes with more than the specified number of fan-outs ; system:SYS|singlecycle:CPU|datapath:DP|register_file:RF|Decoder0~52                                                                           ; 32      ;
; Rule T101: Nodes with more than the specified number of fan-outs ; system:SYS|singlecycle:CPU|datapath:DP|register_file:RF|Decoder0~37                                                                           ; 32      ;
; Rule T101: Nodes with more than the specified number of fan-outs ; system:SYS|singlecycle:CPU|datapath:DP|register_file:RF|Decoder0~40                                                                           ; 32      ;
; Rule T101: Nodes with more than the specified number of fan-outs ; system:SYS|singlecycle:CPU|datapath:DP|control_unit:CU|Selector1~1                                                                            ; 32      ;
; Rule T101: Nodes with more than the specified number of fan-outs ; system:SYS|singlecycle:CPU|datapath:DP|wdat[25]~28                                                                                            ; 31      ;
; Rule T101: Nodes with more than the specified number of fan-outs ; system:SYS|singlecycle:CPU|datapath:DP|wdat[7]~52                                                                                             ; 31      ;
; Rule T101: Nodes with more than the specified number of fan-outs ; system:SYS|ram:RAM|altsyncram:altsyncram_component|altsyncram_99f1:auto_generated|altsyncram_fta2:altsyncram1|decode_jsa:decode5|eq_node[0]~1 ; 32      ;
; Rule T101: Nodes with more than the specified number of fan-outs ; system:SYS|ram:RAM|altsyncram:altsyncram_component|altsyncram_99f1:auto_generated|altsyncram_fta2:altsyncram1|decode_jsa:decode4|eq_node[0]~1 ; 32      ;
; Rule T101: Nodes with more than the specified number of fan-outs ; system:SYS|ram:RAM|altsyncram:altsyncram_component|altsyncram_99f1:auto_generated|altsyncram_fta2:altsyncram1|decode_jsa:decode5|eq_node[1]~0 ; 32      ;
; Rule T101: Nodes with more than the specified number of fan-outs ; system:SYS|ram:RAM|altsyncram:altsyncram_component|altsyncram_99f1:auto_generated|altsyncram_fta2:altsyncram1|decode_jsa:decode4|eq_node[1]~0 ; 32      ;
; Rule T101: Nodes with more than the specified number of fan-outs ; system:SYS|singlecycle:CPU|datapath:DP|wdat[8]~46                                                                                             ; 31      ;
; Rule T101: Nodes with more than the specified number of fan-outs ; system:SYS|singlecycle:CPU|datapath:DP|aluoperand[1]~100                                                                                      ; 79      ;
; Rule T101: Nodes with more than the specified number of fan-outs ; system:SYS|singlecycle:CPU|datapath:DP|aluoperand[0]~21                                                                                       ; 32      ;
; Rule T101: Nodes with more than the specified number of fan-outs ; system:SYS|singlecycle:CPU|datapath:DP|aluoperand[0]~20                                                                                       ; 31      ;
; Rule T101: Nodes with more than the specified number of fan-outs ; system:SYS|singlecycle:CPU|datapath:DP|wdat[5]~38                                                                                             ; 31      ;
; Rule T101: Nodes with more than the specified number of fan-outs ; system:SYS|singlecycle:CPU|datapath:DP|wdat[12]~24                                                                                            ; 31      ;
; Rule T101: Nodes with more than the specified number of fan-outs ; system:SYS|singlecycle:CPU|datapath:DP|wdat[10]~32                                                                                            ; 31      ;
; Rule T101: Nodes with more than the specified number of fan-outs ; system:SYS|singlecycle:CPU|datapath:DP|aluoperand[2]~101                                                                                      ; 83      ;
; Rule T101: Nodes with more than the specified number of fan-outs ; system:SYS|singlecycle:CPU|datapath:DP|wdat[2]~56                                                                                             ; 31      ;
; Rule T101: Nodes with more than the specified number of fan-outs ; system:SYS|singlecycle:CPU|datapath:DP|wdat[13]~22                                                                                            ; 31      ;
; Rule T101: Nodes with more than the specified number of fan-outs ; system:SYS|singlecycle:CPU|datapath:DP|wdat[15]~14                                                                                            ; 31      ;
; Rule T101: Nodes with more than the specified number of fan-outs ; system:SYS|singlecycle:CPU|datapath:DP|wdat[18]~6                                                                                             ; 31      ;
; Rule T101: Nodes with more than the specified number of fan-outs ; system:SYS|singlecycle:CPU|datapath:DP|wdat[16]~36                                                                                            ; 31      ;
; Rule T101: Nodes with more than the specified number of fan-outs ; system:SYS|singlecycle:CPU|datapath:DP|wdat[21]~50                                                                                            ; 31      ;
; Rule T101: Nodes with more than the specified number of fan-outs ; system:SYS|singlecycle:CPU|datapath:DP|alu:ALU|Selector16~12                                                                                  ; 43      ;
; Rule T101: Nodes with more than the specified number of fan-outs ; system:SYS|singlecycle:CPU|datapath:DP|wdat[24]~40                                                                                            ; 31      ;
; Rule T101: Nodes with more than the specified number of fan-outs ; system:SYS|singlecycle:CPU|datapath:DP|wdat[17]~8                                                                                             ; 31      ;
; Rule T101: Nodes with more than the specified number of fan-outs ; system:SYS|singlecycle:CPU|datapath:DP|wdat[22]~48                                                                                            ; 31      ;
; Rule T101: Nodes with more than the specified number of fan-outs ; system:SYS|singlecycle:CPU|datapath:DP|wdat[27]~20                                                                                            ; 31      ;
; Rule T101: Nodes with more than the specified number of fan-outs ; system:SYS|singlecycle:CPU|datapath:DP|wdat[26]~26                                                                                            ; 31      ;
; Rule T101: Nodes with more than the specified number of fan-outs ; system:SYS|singlecycle:CPU|datapath:DP|wdat[30]~10                                                                                            ; 31      ;
; Rule T101: Nodes with more than the specified number of fan-outs ; system:SYS|singlecycle:CPU|datapath:DP|wdat[29]~12                                                                                            ; 31      ;
; Rule T101: Nodes with more than the specified number of fan-outs ; system:SYS|singlecycle:CPU|datapath:DP|wdat[28]~18                                                                                            ; 31      ;
; Rule T101: Nodes with more than the specified number of fan-outs ; system:SYS|singlecycle:CPU|datapath:DP|wdat[31]~34                                                                                            ; 31      ;
; Rule T101: Nodes with more than the specified number of fan-outs ; system:SYS|singlecycle:CPU|datapath:DP|wdat[0]~60                                                                                             ; 31      ;
; Rule T101: Nodes with more than the specified number of fan-outs ; system:SYS|singlecycle:CPU|datapath:DP|wdat[3]~64                                                                                             ; 31      ;
; Rule T101: Nodes with more than the specified number of fan-outs ; system:SYS|ram:RAM|altsyncram:altsyncram_component|altsyncram_99f1:auto_generated|altsyncram_fta2:altsyncram1|address_reg_b[0]                ; 32      ;
; Rule T101: Nodes with more than the specified number of fan-outs ; system:SYS|ram:RAM|always0~1                                                                                                                  ; 34      ;
; Rule T102: Top nodes with the highest number of fan-outs         ; system:SYS|CPUCLK~clkctrl                                                                                                                     ; 1092    ;
; Rule T102: Top nodes with the highest number of fan-outs         ; nRST~clkctrl                                                                                                                                  ; 1067    ;
; Rule T102: Top nodes with the highest number of fan-outs         ; system:SYS|singlecycle:CPU|datapath:DP|control_unit:CU|Selector5~0                                                                            ; 256     ;
; Rule T102: Top nodes with the highest number of fan-outs         ; system:SYS|singlecycle:CPU|datapath:DP|control_unit:CU|Selector4~0                                                                            ; 256     ;
; Rule T102: Top nodes with the highest number of fan-outs         ; system:SYS|singlecycle:CPU|datapath:DP|control_unit:CU|Selector9~0                                                                            ; 256     ;
; Rule T102: Top nodes with the highest number of fan-outs         ; system:SYS|singlecycle:CPU|datapath:DP|control_unit:CU|Selector10~0                                                                           ; 254     ;
; Rule T102: Top nodes with the highest number of fan-outs         ; system:SYS|singlecycle:CPU|datapath:DP|control_unit:CU|Selector7~0                                                                            ; 242     ;
; Rule T102: Top nodes with the highest number of fan-outs         ; system:SYS|singlecycle:CPU|datapath:DP|control_unit:CU|Selector3~0                                                                            ; 240     ;
; Rule T102: Top nodes with the highest number of fan-outs         ; system:SYS|singlecycle:CPU|datapath:DP|control_unit:CU|Selector2~0                                                                            ; 240     ;
; Rule T102: Top nodes with the highest number of fan-outs         ; system:SYS|singlecycle:CPU|datapath:DP|control_unit:CU|Selector8~0                                                                            ; 239     ;
; Rule T102: Top nodes with the highest number of fan-outs         ; altera_internal_jtag~TCKUTAPclkctrl                                                                                                           ; 212     ;
; Rule T102: Top nodes with the highest number of fan-outs         ; CLOCK_50~inputclkctrl                                                                                                                         ; 109     ;
; Rule T102: Top nodes with the highest number of fan-outs         ; system:SYS|singlecycle:CPU|datapath:DP|aluoperand[2]~101                                                                                      ; 83      ;
; Rule T102: Top nodes with the highest number of fan-outs         ; system:SYS|singlecycle:CPU|datapath:DP|aluoperand[1]~100                                                                                      ; 79      ;
; Rule T102: Top nodes with the highest number of fan-outs         ; auto_nRST                                                                                                                                     ; 77      ;
; Rule T102: Top nodes with the highest number of fan-outs         ; system:SYS|singlecycle:CPU|datapath:DP|aluoperand[0]~99                                                                                       ; 74      ;
; Rule T102: Top nodes with the highest number of fan-outs         ; system:SYS|ram:RAM|altsyncram:altsyncram_component|altsyncram_99f1:auto_generated|sld_mod_ram_rom:mgl_prim2|ram_rom_addr_reg[13]              ; 69      ;
; Rule T102: Top nodes with the highest number of fan-outs         ; system:SYS|ramaddr~34                                                                                                                         ; 68      ;
; Rule T102: Top nodes with the highest number of fan-outs         ; system:SYS|singlecycle:CPU|datapath:DP|control_unit:CU|Equal21~1                                                                              ; 68      ;
; Rule T102: Top nodes with the highest number of fan-outs         ; system:SYS|ram:RAM|altsyncram:altsyncram_component|altsyncram_99f1:auto_generated|sld_mod_ram_rom:mgl_prim2|ram_rom_addr_reg[1]               ; 67      ;
; Rule T102: Top nodes with the highest number of fan-outs         ; system:SYS|ram:RAM|altsyncram:altsyncram_component|altsyncram_99f1:auto_generated|sld_mod_ram_rom:mgl_prim2|ram_rom_addr_reg[2]               ; 67      ;
; Rule T102: Top nodes with the highest number of fan-outs         ; system:SYS|ram:RAM|altsyncram:altsyncram_component|altsyncram_99f1:auto_generated|sld_mod_ram_rom:mgl_prim2|ram_rom_addr_reg[3]               ; 67      ;
; Rule T102: Top nodes with the highest number of fan-outs         ; system:SYS|ramaddr~9                                                                                                                          ; 66      ;
; Rule T102: Top nodes with the highest number of fan-outs         ; system:SYS|ram:RAM|altsyncram:altsyncram_component|altsyncram_99f1:auto_generated|sld_mod_ram_rom:mgl_prim2|ram_rom_addr_reg[8]               ; 66      ;
; Rule T102: Top nodes with the highest number of fan-outs         ; system:SYS|ram:RAM|altsyncram:altsyncram_component|altsyncram_99f1:auto_generated|sld_mod_ram_rom:mgl_prim2|ram_rom_addr_reg[5]               ; 66      ;
; Rule T102: Top nodes with the highest number of fan-outs         ; system:SYS|ramaddr~11                                                                                                                         ; 66      ;
; Rule T102: Top nodes with the highest number of fan-outs         ; system:SYS|ramaddr~32                                                                                                                         ; 66      ;
; Rule T102: Top nodes with the highest number of fan-outs         ; system:SYS|ramaddr~36                                                                                                                         ; 66      ;
; Rule T102: Top nodes with the highest number of fan-outs         ; system:SYS|ramaddr~22                                                                                                                         ; 66      ;
; Rule T102: Top nodes with the highest number of fan-outs         ; system:SYS|ram:RAM|altsyncram:altsyncram_component|altsyncram_99f1:auto_generated|sld_mod_ram_rom:mgl_prim2|ram_rom_addr_reg[10]              ; 66      ;
; Rule T102: Top nodes with the highest number of fan-outs         ; system:SYS|ramaddr~15                                                                                                                         ; 66      ;
; Rule T102: Top nodes with the highest number of fan-outs         ; system:SYS|ramaddr~26                                                                                                                         ; 66      ;
; Rule T102: Top nodes with the highest number of fan-outs         ; system:SYS|ram:RAM|altsyncram:altsyncram_component|altsyncram_99f1:auto_generated|sld_mod_ram_rom:mgl_prim2|ram_rom_addr_reg[9]               ; 66      ;
; Rule T102: Top nodes with the highest number of fan-outs         ; system:SYS|ramaddr~29                                                                                                                         ; 66      ;
; Rule T102: Top nodes with the highest number of fan-outs         ; system:SYS|ramaddr~5                                                                                                                          ; 66      ;
; Rule T102: Top nodes with the highest number of fan-outs         ; system:SYS|ram:RAM|altsyncram:altsyncram_component|altsyncram_99f1:auto_generated|sld_mod_ram_rom:mgl_prim2|ram_rom_addr_reg[7]               ; 66      ;
; Rule T102: Top nodes with the highest number of fan-outs         ; system:SYS|ramaddr~7                                                                                                                          ; 66      ;
; Rule T102: Top nodes with the highest number of fan-outs         ; system:SYS|ram:RAM|altsyncram:altsyncram_component|altsyncram_99f1:auto_generated|sld_mod_ram_rom:mgl_prim2|ram_rom_addr_reg[0]               ; 66      ;
; Rule T102: Top nodes with the highest number of fan-outs         ; system:SYS|ramaddr~19                                                                                                                         ; 66      ;
; Rule T102: Top nodes with the highest number of fan-outs         ; system:SYS|ram:RAM|altsyncram:altsyncram_component|altsyncram_99f1:auto_generated|sld_mod_ram_rom:mgl_prim2|ram_rom_addr_reg[6]               ; 66      ;
; Rule T102: Top nodes with the highest number of fan-outs         ; system:SYS|ramaddr~24                                                                                                                         ; 66      ;
; Rule T102: Top nodes with the highest number of fan-outs         ; system:SYS|ramaddr~13                                                                                                                         ; 66      ;
; Rule T102: Top nodes with the highest number of fan-outs         ; system:SYS|ram:RAM|altsyncram:altsyncram_component|altsyncram_99f1:auto_generated|sld_mod_ram_rom:mgl_prim2|ram_rom_addr_reg[12]              ; 66      ;
; Rule T102: Top nodes with the highest number of fan-outs         ; system:SYS|ram:RAM|altsyncram:altsyncram_component|altsyncram_99f1:auto_generated|sld_mod_ram_rom:mgl_prim2|ram_rom_addr_reg[4]               ; 66      ;
; Rule T102: Top nodes with the highest number of fan-outs         ; system:SYS|ram:RAM|altsyncram:altsyncram_component|altsyncram_99f1:auto_generated|sld_mod_ram_rom:mgl_prim2|ram_rom_addr_reg[11]              ; 66      ;
; Rule T102: Top nodes with the highest number of fan-outs         ; system:SYS|singlecycle:CPU|caches:CM|daddr[13]~66                                                                                             ; 64      ;
; Rule T102: Top nodes with the highest number of fan-outs         ; system:SYS|singlecycle:CPU|datapath:DP|aluoperand[3]~102                                                                                      ; 55      ;
; Rule T102: Top nodes with the highest number of fan-outs         ; system:SYS|singlecycle:CPU|memory_control:CC|ccif.iwait[0]~0                                                                                  ; 54      ;
; Rule T102: Top nodes with the highest number of fan-outs         ; system:SYS|singlecycle:CPU|datapath:DP|alu:ALU|Selector16~12                                                                                  ; 43      ;
; Rule T102: Top nodes with the highest number of fan-outs         ; system:SYS|singlecycle:CPU|datapath:DP|pc:PC|PCreg[27]~5                                                                                      ; 39      ;
+------------------------------------------------------------------+-----------------------------------------------------------------------------------------------------------------------------------------------+---------+


+---------------------------+
; Design Assistant Messages ;
+---------------------------+
Info: *******************************************************************
Info: Running Quartus II 32-bit Design Assistant
    Info: Version 13.0.1 Build 232 06/12/2013 Service Pack 1 SJ Full Version
    Info: Copyright (C) 1991-2013 Altera Corporation. All rights reserved.
    Info: Your use of Altera Corporation's design tools, logic functions 
    Info: and other software and tools, and its AMPP partner logic 
    Info: functions, and any output files from any of the foregoing 
    Info: (including device programming or simulation files), and any 
    Info: associated documentation or information are expressly subject 
    Info: to the terms and conditions of the Altera Program License 
    Info: Subscription Agreement, Altera MegaCore Function License 
    Info: Agreement, or other applicable license agreement, including, 
    Info: without limitation, that your use is for the sole purpose of 
    Info: programming logic devices manufactured by Altera and sold by 
    Info: Altera or its authorized distributors.  Please refer to the 
    Info: applicable agreement for further details.
    Info: Processing started: Tue Feb  3 15:00:24 2015
Info: Command: quartus_drc system_fpga -c system_fpga
Info (332164): Evaluating HDL-embedded SDC commands
    Info (332165): Entity sld_jtag_hub
        Info (332166): create_clock -name altera_reserved_tck [get_ports {altera_reserved_tck}] -period 10MHz   
        Info (332166): set_clock_groups -asynchronous -group {altera_reserved_tck}
Info (332104): Reading SDC File: 'system_fpga.sdc'
Warning (332174): Ignored filter at system_fpga.sdc(1): CLK could not be matched with a port
Warning (332049): Ignored create_clock at system_fpga.sdc(1): Argument <targets> is an empty collection
    Info (332050): create_clock -name CLK [get_ports {CLK}] -period 100MHz
Warning (332174): Ignored filter at system_fpga.sdc(3): CPUCLK|q could not be matched with a pin
Warning (332049): Ignored create_generated_clock at system_fpga.sdc(3): Argument <targets> is an empty collection
    Info (332050): create_generated_clock -divide_by 2 -source [get_ports CLK] -name CPUCLK [get_pins CPUCLK|q]
Warning (332049): Ignored create_generated_clock at system_fpga.sdc(3): Argument -source is an empty collection
Critical Warning (332168): The following clock transfers have no clock uncertainty assignment. For more accurate results, apply clock uncertainty assignments or use the derive_clock_uncertainty command.
    Critical Warning (332169): From altera_reserved_tck (Rise) to altera_reserved_tck (Rise) (setup and hold)
    Critical Warning (332169): From altera_reserved_tck (Rise) to altera_reserved_tck (Fall) (setup and hold)
    Critical Warning (332169): From CLK_50 (Rise) to CLK_50 (Rise) (setup and hold)
    Critical Warning (332169): From CPUCLK (Rise) to CLK_50 (Rise) (setup and hold)
    Critical Warning (332169): From CPUCLK (Fall) to CLK_50 (Rise) (setup and hold)
    Critical Warning (332169): From CLK_50 (Rise) to CPUCLK (Rise) (setup and hold)
    Critical Warning (332169): From CPUCLK (Rise) to CPUCLK (Rise) (setup and hold)
Critical Warning (308024): (High) Rule R101: Combinational logic used as a reset signal should be synchronized. Found 1 node(s) related to this rule.
    Critical Warning (308012): Node  "nRST"
Critical Warning (308074): (High) Rule S102: Synchronous port and asynchronous port of the same register should not be driven by the same signal source. Found 2 node(s) related to this rule.
    Critical Warning (308012): Node  "system:SYS|singlecycle:CPU|datapath:DP|request_unit:RU|ruif.dmemREN"
    Critical Warning (308012): Node  "system:SYS|singlecycle:CPU|datapath:DP|request_unit:RU|ruif.dmemWEN"
Warning (308040): (Medium) Rule C104: Clock signal source should drive only clock input ports. Found 1 nodes related to this rule.
    Warning (308010): Node  "system:SYS|CPUCLK"
Info (308046): (Information) Rule T101: Nodes with more than the specified number of fan-outs. (Value defined:30). Found 134 node(s) with highest fan-out.
    Info (308011): Node  "system:SYS|singlecycle:CPU|datapath:DP|request_unit:RU|ruif.rambusy~0"
    Info (308011): Node  "system:SYS|singlecycle:CPU|datapath:DP|request_unit:RU|ruif.halt~_Duplicate_1"
    Info (308011): Node  "system:SYS|singlecycle:CPU|memory_control:CC|ccif.iwait[0]~0"
    Info (308011): Node  "system:SYS|ramaddr~34"
    Info (308011): Node  "system:SYS|singlecycle:CPU|datapath:DP|pc:PC|PCreg[27]~6"
    Info (308011): Node  "system:SYS|singlecycle:CPU|datapath:DP|control_unit:CU|Selector8~0"
    Info (308011): Node  "system:SYS|ram:RAM|altsyncram:altsyncram_component|altsyncram_99f1:auto_generated|sld_mod_ram_rom:mgl_prim2|ram_rom_addr_reg[12]"
    Info (308011): Node  "altera_internal_jtag~TCKUTAPclkctrl"
    Info (308011): Node  "system:SYS|ram:RAM|altsyncram:altsyncram_component|altsyncram_99f1:auto_generated|sld_mod_ram_rom:mgl_prim2|ram_rom_addr_reg[3]"
    Info (308011): Node  "system:SYS|ram:RAM|altsyncram:altsyncram_component|altsyncram_99f1:auto_generated|sld_mod_ram_rom:mgl_prim2|ram_rom_addr_reg[4]"
    Info (308011): Node  "system:SYS|ram:RAM|altsyncram:altsyncram_component|altsyncram_99f1:auto_generated|sld_mod_ram_rom:mgl_prim2|ram_rom_addr_reg[5]"
    Info (308011): Node  "system:SYS|ram:RAM|altsyncram:altsyncram_component|altsyncram_99f1:auto_generated|sld_mod_ram_rom:mgl_prim2|ram_rom_addr_reg[6]"
    Info (308011): Node  "system:SYS|ram:RAM|altsyncram:altsyncram_component|altsyncram_99f1:auto_generated|sld_mod_ram_rom:mgl_prim2|ram_rom_addr_reg[7]"
    Info (308011): Node  "system:SYS|ram:RAM|altsyncram:altsyncram_component|altsyncram_99f1:auto_generated|sld_mod_ram_rom:mgl_prim2|ram_rom_addr_reg[8]"
    Info (308011): Node  "system:SYS|ram:RAM|altsyncram:altsyncram_component|altsyncram_99f1:auto_generated|sld_mod_ram_rom:mgl_prim2|ram_rom_addr_reg[9]"
    Info (308011): Node  "system:SYS|ram:RAM|altsyncram:altsyncram_component|altsyncram_99f1:auto_generated|sld_mod_ram_rom:mgl_prim2|ram_rom_addr_reg[10]"
    Info (308011): Node  "system:SYS|ram:RAM|altsyncram:altsyncram_component|altsyncram_99f1:auto_generated|sld_mod_ram_rom:mgl_prim2|ram_rom_addr_reg[11]"
    Info (308011): Node  "system:SYS|ram:RAM|altsyncram:altsyncram_component|altsyncram_99f1:auto_generated|sld_mod_ram_rom:mgl_prim2|ram_rom_addr_reg[0]"
    Info (308011): Node  "system:SYS|ram:RAM|altsyncram:altsyncram_component|altsyncram_99f1:auto_generated|sld_mod_ram_rom:mgl_prim2|ram_rom_addr_reg[1]"
    Info (308011): Node  "system:SYS|ram:RAM|altsyncram:altsyncram_component|altsyncram_99f1:auto_generated|sld_mod_ram_rom:mgl_prim2|ram_rom_addr_reg[2]"
    Info (308011): Node  "system:SYS|ram:RAM|altsyncram:altsyncram_component|altsyncram_99f1:auto_generated|sld_mod_ram_rom:mgl_prim2|ram_rom_data_reg[0]~32"
    Info (308011): Node  "system:SYS|ram:RAM|altsyncram:altsyncram_component|altsyncram_99f1:auto_generated|sld_mod_ram_rom:mgl_prim2|process_0~2"
    Info (308011): Node  "system:SYS|ram:RAM|altsyncram:altsyncram_component|altsyncram_99f1:auto_generated|sld_mod_ram_rom:mgl_prim2|ram_rom_addr_reg[13]"
    Info (308011): Node  "system:SYS|ramaddr~36"
    Info (308011): Node  "system:SYS|singlecycle:CPU|datapath:DP|pc:PC|PCreg[27]~5"
    Info (308011): Node  "system:SYS|singlecycle:CPU|caches:CM|daddr[13]~66"
    Info (308011): Node  "auto_nRST"
    Info (308011): Node  "CLOCK_50~inputclkctrl"
    Info (308011): Node  "system:SYS|ramaddr~29"
    Info (308011): Node  "system:SYS|singlecycle:CPU|datapath:DP|control_unit:CU|Selector10~0"
    Info (308002): Truncated list of Design Assistant messages to 30 messages. Go to sections under Design Assistant section of Compilation Report for complete lists of Design Assistant messages generated.
Info (308044): (Information) Rule T102: Top nodes with the highest number of fan-outs. (Value defined:50). Found 50 node(s) with highest fan-out.
    Info (308011): Node  "system:SYS|CPUCLK~clkctrl"
    Info (308011): Node  "nRST~clkctrl"
    Info (308011): Node  "system:SYS|singlecycle:CPU|datapath:DP|control_unit:CU|Selector5~0"
    Info (308011): Node  "system:SYS|singlecycle:CPU|datapath:DP|control_unit:CU|Selector4~0"
    Info (308011): Node  "system:SYS|singlecycle:CPU|datapath:DP|control_unit:CU|Selector9~0"
    Info (308011): Node  "system:SYS|singlecycle:CPU|datapath:DP|control_unit:CU|Selector10~0"
    Info (308011): Node  "system:SYS|singlecycle:CPU|datapath:DP|control_unit:CU|Selector7~0"
    Info (308011): Node  "system:SYS|singlecycle:CPU|datapath:DP|control_unit:CU|Selector3~0"
    Info (308011): Node  "system:SYS|singlecycle:CPU|datapath:DP|control_unit:CU|Selector2~0"
    Info (308011): Node  "system:SYS|singlecycle:CPU|datapath:DP|control_unit:CU|Selector8~0"
    Info (308011): Node  "altera_internal_jtag~TCKUTAPclkctrl"
    Info (308011): Node  "CLOCK_50~inputclkctrl"
    Info (308011): Node  "system:SYS|singlecycle:CPU|datapath:DP|aluoperand[2]~101"
    Info (308011): Node  "system:SYS|singlecycle:CPU|datapath:DP|aluoperand[1]~100"
    Info (308011): Node  "auto_nRST"
    Info (308011): Node  "system:SYS|singlecycle:CPU|datapath:DP|aluoperand[0]~99"
    Info (308011): Node  "system:SYS|ram:RAM|altsyncram:altsyncram_component|altsyncram_99f1:auto_generated|sld_mod_ram_rom:mgl_prim2|ram_rom_addr_reg[13]"
    Info (308011): Node  "system:SYS|ramaddr~34"
    Info (308011): Node  "system:SYS|singlecycle:CPU|datapath:DP|control_unit:CU|Equal21~1"
    Info (308011): Node  "system:SYS|ram:RAM|altsyncram:altsyncram_component|altsyncram_99f1:auto_generated|sld_mod_ram_rom:mgl_prim2|ram_rom_addr_reg[1]"
    Info (308011): Node  "system:SYS|ram:RAM|altsyncram:altsyncram_component|altsyncram_99f1:auto_generated|sld_mod_ram_rom:mgl_prim2|ram_rom_addr_reg[2]"
    Info (308011): Node  "system:SYS|ram:RAM|altsyncram:altsyncram_component|altsyncram_99f1:auto_generated|sld_mod_ram_rom:mgl_prim2|ram_rom_addr_reg[3]"
    Info (308011): Node  "system:SYS|ramaddr~9"
    Info (308011): Node  "system:SYS|ram:RAM|altsyncram:altsyncram_component|altsyncram_99f1:auto_generated|sld_mod_ram_rom:mgl_prim2|ram_rom_addr_reg[8]"
    Info (308011): Node  "system:SYS|ram:RAM|altsyncram:altsyncram_component|altsyncram_99f1:auto_generated|sld_mod_ram_rom:mgl_prim2|ram_rom_addr_reg[5]"
    Info (308011): Node  "system:SYS|ramaddr~11"
    Info (308011): Node  "system:SYS|ramaddr~32"
    Info (308011): Node  "system:SYS|ramaddr~36"
    Info (308011): Node  "system:SYS|ramaddr~22"
    Info (308011): Node  "system:SYS|ram:RAM|altsyncram:altsyncram_component|altsyncram_99f1:auto_generated|sld_mod_ram_rom:mgl_prim2|ram_rom_addr_reg[10]"
    Info (308002): Truncated list of Design Assistant messages to 30 messages. Go to sections under Design Assistant section of Compilation Report for complete lists of Design Assistant messages generated.
Info (308007): Design Assistant information: finished post-fitting analysis of current design -- generated 184 information messages and 4 warning messages
Info: Quartus II 32-bit Design Assistant was successful. 0 errors, 20 warnings
    Info: Peak virtual memory: 341 megabytes
    Info: Processing ended: Tue Feb  3 15:00:27 2015
    Info: Elapsed time: 00:00:03
    Info: Total CPU time (on all processors): 00:00:03


