Flow report for system_fpga
Tue Feb 24 16:30:33 2015
Quartus II 32-bit Version 13.0.1 Build 232 06/12/2013 Service Pack 1 SJ Full Version


---------------------
; Table of Contents ;
---------------------
  1. Legal Notice
  2. Flow Summary
  3. Flow Settings
  4. Flow Non-Default Global Settings
  5. Flow Elapsed Time
  6. Flow OS Summary
  7. Flow Log
  8. Flow Messages
  9. Flow Suppressed Messages



----------------
; Legal Notice ;
----------------
Copyright (C) 1991-2013 Altera Corporation
Your use of Altera Corporation's design tools, logic functions 
and other software and tools, and its AMPP partner logic 
functions, and any output files from any of the foregoing 
(including device programming or simulation files), and any 
associated documentation or information are expressly subject 
to the terms and conditions of the Altera Program License 
Subscription Agreement, Altera MegaCore Function License 
Agreement, or other applicable license agreement, including, 
without limitation, that your use is for the sole purpose of 
programming logic devices manufactured by Altera and sold by 
Altera or its authorized distributors.  Please refer to the 
applicable agreement for further details.



+---------------------------------------------------------------------------------------+
; Flow Summary                                                                          ;
+------------------------------------+--------------------------------------------------+
; Flow Status                        ; Flow Failed - Tue Feb 24 16:30:33 2015           ;
; Quartus II 32-bit Version          ; 13.0.1 Build 232 06/12/2013 SP 1 SJ Full Version ;
; Revision Name                      ; system_fpga                                      ;
; Top-level Entity Name              ; system_fpga                                      ;
; Family                             ; Cyclone IV E                                     ;
; Device                             ; EP4CE115F29C8                                    ;
; Timing Models                      ; Final                                            ;
; Total logic elements               ; N/A until Partition Merge                        ;
;     Total combinational functions  ; N/A until Partition Merge                        ;
;     Dedicated logic registers      ; N/A until Partition Merge                        ;
; Total registers                    ; N/A until Partition Merge                        ;
; Total pins                         ; N/A until Partition Merge                        ;
; Total virtual pins                 ; N/A until Partition Merge                        ;
; Total memory bits                  ; N/A until Partition Merge                        ;
; Embedded Multiplier 9-bit elements ; N/A until Partition Merge                        ;
; Total PLLs                         ; N/A until Partition Merge                        ;
+------------------------------------+--------------------------------------------------+


+-----------------------------------------+
; Flow Settings                           ;
+-------------------+---------------------+
; Option            ; Setting             ;
+-------------------+---------------------+
; Start date & time ; 02/24/2015 16:30:32 ;
; Main task         ; Compilation         ;
; Revision Name     ; system_fpga         ;
+-------------------+---------------------+


+--------------------------------------------------------------------------------------------------------------------------------------------+
; Flow Non-Default Global Settings                                                                                                           ;
+-------------------------------------+-------------------------------------------------------+---------------+-------------+----------------+
; Assignment Name                     ; Value                                                 ; Default Value ; Entity Name ; Section Id     ;
+-------------------------------------+-------------------------------------------------------+---------------+-------------+----------------+
; COMPILER_SIGNATURE_ID               ; 0.142481343204397                                     ; --            ; --          ; --             ;
; EDA_MAINTAIN_DESIGN_HIERARCHY       ; On                                                    ; --            ; --          ; eda_simulation ;
; EDA_OUTPUT_DATA_FORMAT              ; Verilog                                               ; --            ; --          ; eda_simulation ;
; EDA_SIMULATION_TOOL                 ; ModelSim (Verilog)                                    ; <None>        ; --          ; --             ;
; EDA_TIME_SCALE                      ; 1 ps                                                  ; --            ; --          ; eda_simulation ;
; ENABLE_DRC_SETTINGS                 ; On                                                    ; Off           ; --          ; --             ;
; FMAX_REQUIREMENT                    ; 400 MHz                                               ; --            ; --          ; --             ;
; NUM_PARALLEL_PROCESSORS             ; 4                                                     ; --            ; --          ; --             ;
; PARTITION_COLOR                     ; 16764057                                              ; --            ; --          ; Top            ;
; PARTITION_FITTER_PRESERVATION_LEVEL ; PLACEMENT_AND_ROUTING                                 ; --            ; --          ; Top            ;
; PARTITION_NETLIST_TYPE              ; SOURCE                                                ; --            ; --          ; Top            ;
; PROJECT_OUTPUT_DIRECTORY            ; /home/ecegrid/a/mg201/ece437/processors/._system_fpga ; --            ; --          ; --             ;
; SEARCH_PATH                         ; /home/ecegrid/a/mg201/ece437/processors/include       ; --            ; --          ; --             ;
; SMART_RECOMPILE                     ; On                                                    ; Off           ; --          ; --             ;
; TIMEQUEST_DO_REPORT_TIMING          ; On                                                    ; Off           ; --          ; --             ;
; USE_GENERATED_PHYSICAL_CONSTRAINTS  ; Off                                                   ; --            ; --          ; eda_blast_fpga ;
; VERILOG_INPUT_VERSION               ; SystemVerilog_2005                                    ; Verilog_2001  ; --          ; --             ;
; VERILOG_SHOW_LMF_MAPPING_MESSAGES   ; Off                                                   ; --            ; --          ; --             ;
+-------------------------------------+-------------------------------------------------------+---------------+-------------+----------------+


+--------------------------------------------------------------------------------------------------------------------------+
; Flow Elapsed Time                                                                                                        ;
+----------------------+--------------+-------------------------+---------------------+------------------------------------+
; Module Name          ; Elapsed Time ; Average Processors Used ; Peak Virtual Memory ; Total CPU Time (on all processors) ;
+----------------------+--------------+-------------------------+---------------------+------------------------------------+
; Analysis & Synthesis ; 00:00:02     ; 1.0                     ; 326 MB              ; 00:00:01                           ;
; Total                ; 00:00:02     ; --                      ; --                  ; 00:00:01                           ;
+----------------------+--------------+-------------------------+---------------------+------------------------------------+


+----------------------------------------------------------------------------------------+
; Flow OS Summary                                                                        ;
+----------------------+-------------------------+---------+------------+----------------+
; Module Name          ; Machine Hostname        ; OS Name ; OS Version ; Processor type ;
+----------------------+-------------------------+---------+------------+----------------+
; Analysis & Synthesis ; cparch04.ecn.purdue.edu ; Red Hat ; 6          ; x86_64         ;
+----------------------+-------------------------+---------+------------+----------------+


------------
; Flow Log ;
------------
quartus_map system_fpga -c system_fpga



